<?xml version="1.0" encoding="UTF-8"?>
<testng-results ignored="0" total="1" passed="1" failed="0" skipped="0">
  <reporter-output>
  </reporter-output>
  <suite started-at="2023-11-28T16:42:20 IST" name="Default suite" finished-at="2023-11-28T16:42:41 IST" duration-ms="21648">
    <groups>
    </groups>
    <test started-at="2023-11-28T16:42:20 IST" name="Default test" finished-at="2023-11-28T16:42:41 IST" duration-ms="21648">
      <class name="Test.Techniquestst">
        <test-method is-config="true" signature="browser()[pri:0, instance:Test.Techniquestst@55a147cc]" started-at="2023-11-28T16:42:20 IST" name="browser" finished-at="2023-11-28T16:42:37 IST" duration-ms="17130" status="PASS">
          <reporter-output>
          </reporter-output>
        </test-method> <!-- browser -->
        <test-method signature="tsttechn()[pri:0, instance:Test.Techniquestst@55a147cc]" started-at="2023-11-28T16:42:37 IST" name="tsttechn" finished-at="2023-11-28T16:42:41 IST" duration-ms="4474" status="PASS">
          <reporter-output>
          </reporter-output>
        </test-method> <!-- tsttechn -->
      </class> <!-- Test.Techniquestst -->
    </test> <!-- Default test -->
  </suite> <!-- Default suite -->
</testng-results>
